<?xml version="1.0" encoding="UTF-8"?>
<!-- Generated by org.testng.reporters.JUnitXMLReporter -->
<testsuite hostname="VN-HCM-D-L-0004" ignored="0" name="TestNG" tests="1" failures="1" timestamp="2022-07-26T15:29:20 ICT" time="5.502" errors="0">
  <testcase name="testHomePageWithOpenBurger" time="5.462" classname="AutoScript.ExampleText.Test.TestHomePage">
    <failure type="java.lang.IllegalArgumentException" message="Input must be set">
      <![CDATA[java.lang.IllegalArgumentException: Input must be set
at org.openqa.selenium.internal.Require.nonNull(Require.java:59)
at org.openqa.selenium.support.ui.FluentWait.<init>(FluentWait.java:97)
at org.openqa.selenium.support.ui.WebDriverWait.<init>(WebDriverWait.java:77)
at org.openqa.selenium.support.ui.WebDriverWait.<init>(WebDriverWait.java:46)
at AutoScript.ExampleText.Page.HomePage.verifyHomePageIsPresent(HomePage.java:116)
at AutoScript.ExampleText.Test.TestHomePage.testHomePageWithOpenBurger(TestHomePage.java:18)
at java.util.ArrayList.forEach(ArrayList.java:1257)
... Removed 27 stack frames]]>
    </failure>
  </testcase> <!-- testHomePageWithOpenBurger -->
</testsuite> <!-- TestNG -->
