<?xml version="1.0" encoding="UTF-8"?>
<!-- Generated by org.testng.reporters.JUnitXMLReporter -->
<testsuite hostname="VN-HCM-D-L-0004" ignored="0" name="TestNG" tests="1" failures="1" timestamp="2022-07-26T12:05:59 ICT" time="10.929" errors="0">
  <testcase name="testHomePageWithOpenBurger" time="10.889" classname="AutoScript.ExampleText.Test.TestHomePage">
    <failure type="java.lang.NullPointerException">
      <![CDATA[java.lang.NullPointerException
at AutoScript.ExampleText.Page.HomePage.openBurgerMenu(HomePage.java:67)
at AutoScript.ExampleText.Page.HomePage.verifyAllLinkV1InBurger(HomePage.java:38)
at AutoScript.ExampleText.Test.TestHomePage.testHomePageWithOpenBurger(TestHomePage.java:18)
at java.util.ArrayList.forEach(ArrayList.java:1257)
... Removed 27 stack frames]]>
    </failure>
  </testcase> <!-- testHomePageWithOpenBurger -->
</testsuite> <!-- TestNG -->
